<?xml version="1.0" encoding="UTF-8"?>
<testng-results ignored="0" total="1" passed="1" failed="0" skipped="0">
  <reporter-output>
  </reporter-output>
  <suite started-at="2023-10-09T16:52:20 EDT" name="Default suite" finished-at="2023-10-09T16:52:33 EDT" duration-ms="13037">
    <groups>
      <group name="cucumber">
        <method signature="AbstractTestNGCucumberTests.feature(cucumber.api.testng.CucumberFeatureWrapper)[pri:0, instance:Honey_TestRunner.Honey_TestRunner@4e5ed836]" name="feature" class="cucumber.api.testng.AbstractTestNGCucumberTests"/>
      </group> <!-- cucumber -->
    </groups>
    <test started-at="2023-10-09T16:52:20 EDT" name="Default test" finished-at="2023-10-09T16:52:33 EDT" duration-ms="13037">
      <class name="Honey_TestRunner.Honey_TestRunner">
        <test-method is-config="true" signature="honStartURL()[pri:0, instance:Honey_TestRunner.Honey_TestRunner@4e5ed836]" started-at="2023-10-09T16:52:20 EDT" name="honStartURL" finished-at="2023-10-09T16:52:23 EDT" duration-ms="2719" status="PASS">
          <reporter-output>
          </reporter-output>
        </test-method> <!-- honStartURL -->
        <test-method is-config="true" signature="setUpClass()[pri:0, instance:Honey_TestRunner.Honey_TestRunner@4e5ed836]" started-at="2023-10-09T16:52:23 EDT" name="setUpClass" finished-at="2023-10-09T16:52:23 EDT" duration-ms="183" status="PASS">
          <reporter-output>
          </reporter-output>
        </test-method> <!-- setUpClass -->
        <test-method signature="feature(cucumber.api.testng.CucumberFeatureWrapper)[pri:0, instance:Honey_TestRunner.Honey_TestRunner@4e5ed836]" started-at="2023-10-09T16:52:23 EDT" name="feature" description="Runs Cucumber Feature" data-provider="features" finished-at="2023-10-09T16:52:32 EDT" duration-ms="9602" status="PASS">
          <params>
            <param index="0">
              <value>
                <![CDATA[This is a feature for Auto suggest drop down]]>
              </value>
            </param>
          </params>
          <reporter-output>
          </reporter-output>
        </test-method> <!-- feature -->
        <test-method is-config="true" signature="tearDownClass()[pri:0, instance:Honey_TestRunner.Honey_TestRunner@4e5ed836]" started-at="2023-10-09T16:52:32 EDT" name="tearDownClass" finished-at="2023-10-09T16:52:32 EDT" duration-ms="8" status="PASS">
          <reporter-output>
          </reporter-output>
        </test-method> <!-- tearDownClass -->
        <test-method is-config="true" signature="honCloseURL()[pri:0, instance:Honey_TestRunner.Honey_TestRunner@4e5ed836]" started-at="2023-10-09T16:52:32 EDT" name="honCloseURL" finished-at="2023-10-09T16:52:33 EDT" duration-ms="379" status="PASS">
          <reporter-output>
          </reporter-output>
        </test-method> <!-- honCloseURL -->
      </class> <!-- Honey_TestRunner.Honey_TestRunner -->
    </test> <!-- Default test -->
  </suite> <!-- Default suite -->
</testng-results>
